<?xml version="1.0" encoding="UTF-8"?>
<!-- Generated by org.testng.reporters.JUnitReportReporter -->
<testsuite hostname="DESKTOP-A5OA6VH" failures="0" tests="9" name="com.accountapi.testCases.TC001_Get_All_Accounts" time="0.023" errors="1" timestamp="21 Jan 2024 06:50:10 GMT" skipped="0">
  <testcase classname="com.accountapi.testCases.TC001_Get_All_Accounts" name="checkResponseTime" time="0.002"/>
  <testcase classname="com.accountapi.testCases.TC001_Get_All_Accounts" name="checkContentLenght" time="0.002">
    <error message="Cannot parse null string" type="java.lang.NumberFormatException">
      <![CDATA[java.lang.NumberFormatException: Cannot parse null string
at java.base/java.lang.Integer.parseInt(Integer.java:630)
at java.base/java.lang.Integer.parseInt(Integer.java:786)
at com.accountapi.testCases.TC001_Get_All_Accounts.checkContentLenght(TC001_Get_All_Accounts.java:137)
at java.base/jdk.internal.reflect.NativeMethodAccessorImpl.invoke0(Native Method)
at java.base/jdk.internal.reflect.NativeMethodAccessorImpl.invoke(NativeMethodAccessorImpl.java:77)
at java.base/jdk.internal.reflect.DelegatingMethodAccessorImpl.invoke(DelegatingMethodAccessorImpl.java:43)
at java.base/java.lang.reflect.Method.invoke(Method.java:568)
at org.testng.internal.MethodInvocationHelper.invokeMethod(MethodInvocationHelper.java:124)
at org.testng.internal.Invoker.invokeMethod(Invoker.java:583)
at org.testng.internal.Invoker.invokeTestMethod(Invoker.java:719)
at org.testng.internal.Invoker.invokeTestMethods(Invoker.java:989)
at org.testng.internal.TestMethodWorker.invokeTestMethods(TestMethodWorker.java:125)
at org.testng.internal.TestMethodWorker.run(TestMethodWorker.java:109)
at org.testng.TestRunner.privateRun(TestRunner.java:648)
at org.testng.TestRunner.run(TestRunner.java:505)
at org.testng.SuiteRunner.runTest(SuiteRunner.java:455)
at org.testng.SuiteRunner.runSequentially(SuiteRunner.java:450)
at org.testng.SuiteRunner.privateRun(SuiteRunner.java:415)
at org.testng.SuiteRunner.run(SuiteRunner.java:364)
at org.testng.SuiteRunnerWorker.runSuite(SuiteRunnerWorker.java:52)
at org.testng.SuiteRunnerWorker.run(SuiteRunnerWorker.java:84)
at org.testng.TestNG.runSuitesSequentially(TestNG.java:1208)
at org.testng.TestNG.runSuitesLocally(TestNG.java:1137)
at org.testng.TestNG.runSuites(TestNG.java:1049)
at org.testng.TestNG.run(TestNG.java:1017)
at org.apache.maven.surefire.testng.TestNGExecutor.run(TestNGExecutor.java:295)
at org.apache.maven.surefire.testng.TestNGXmlTestSuite.execute(TestNGXmlTestSuite.java:84)
at org.apache.maven.surefire.testng.TestNGProvider.invoke(TestNGProvider.java:90)
at org.apache.maven.surefire.booter.ForkedBooter.invokeProviderInSameClassLoader(ForkedBooter.java:203)
at org.apache.maven.surefire.booter.ForkedBooter.runSuitesInProcess(ForkedBooter.java:155)
at org.apache.maven.surefire.booter.ForkedBooter.main(ForkedBooter.java:103)
]]>
    </error>
  </testcase> <!-- checkContentLenght -->
  <testcase classname="com.accountapi.testCases.TC001_Get_All_Accounts" name="checkCookies" time="0.001"/>
  <testcase classname="com.accountapi.testCases.TC001_Get_All_Accounts" name="checkContentType" time="0.001"/>
  <testcase classname="com.accountapi.testCases.TC001_Get_All_Accounts" name="checkResposeBody" time="0.005"/>
  <testcase classname="com.accountapi.testCases.TC001_Get_All_Accounts" name="checkstatusLine" time="0.003"/>
  <testcase classname="com.accountapi.testCases.TC001_Get_All_Accounts" name="checkserverType" time="0.003"/>
  <testcase classname="com.accountapi.testCases.TC001_Get_All_Accounts" name="checkcontentEncoding" time="0.005"/>
  <testcase classname="com.accountapi.testCases.TC001_Get_All_Accounts" name="checkStatusCode" time="0.001"/>
</testsuite> <!-- com.accountapi.testCases.TC001_Get_All_Accounts -->
